<html>
<head>
<title>TestNG:  Test</title>
<link href="../testng.css" rel="stylesheet" type="text/css" />
<link href="../my-testng.css" rel="stylesheet" type="text/css" />

<style type="text/css">
.log { display: none;} 
.stack-trace { display: none;} 
</style>
<script type="text/javascript">
<!--
function flip(e) {
  current = e.style.display;
  if (current == 'block') {
    e.style.display = 'none';
    return 0;
  }
  else {
    e.style.display = 'block';
    return 1;
  }
}

function toggleBox(szDivId, elem, msg1, msg2)
{
  var res = -1;  if (document.getElementById) {
    res = flip(document.getElementById(szDivId));
  }
  else if (document.all) {
    // this is the way old msie versions work
    res = flip(document.all[szDivId]);
  }
  if(elem) {
    if(res == 0) elem.innerHTML = msg1; else elem.innerHTML = msg2;
  }

}

function toggleAllBoxes() {
  if (document.getElementsByTagName) {
    d = document.getElementsByTagName('div');
    for (i = 0; i < d.length; i++) {
      if (d[i].className == 'log') {
        flip(d[i]);
      }
    }
  }
}

// -->
</script>

</head>
<body>
<h2 align='center'>Test</h2><table border='1' align="center">
<tr>
<td>Tests passed/Failed/Skipped:</td><td>54/7/1</td>
</tr><tr>
<td>Started on:</td><td>Fri Aug 15 08:10:36 IST 2025</td>
</tr>
<tr><td>Total time:</td><td>49 seconds (49707 ms)</td>
</tr><tr>
<td>Included groups:</td><td></td>
</tr><tr>
<td>Excluded groups:</td><td></td>
</tr>
</table><p/>
<small><i>(Hover the method name to see the test class name)</i></small><p/>
<table width='100%' border='1' class='invocation-failed'>
<tr><td colspan='4' align='center'><b>FAILED TESTS</b></td></tr>
<tr><td><b>Test method</b></td>
<td><b>Attribute(s)</b></td>
<td width="30%"><b>Exception</b></td>
<td width="10%"><b>Time (seconds)</b></td>
<td><b>Instance</b></td>
</tr>
<tr>
<td title='testngDemo.TestScenario9.forth_testcase()'><b>forth_testcase</b><br>Test class: testngDemo.TestScenario9</td>
<td><div><pre>java.lang.AssertionError: expected [Hello World] but found [Hello]
	at testngDemo.TestScenario9.forth_testcase(TestScenario9.java:31)
	at java.base/java.util.ArrayList.forEach(ArrayList.java:1511)
... Removed 33 stack frames</pre></div><a href='#' onClick='toggleBox("stack-trace1006624255", this, "Click to show all stack frames", "Click to hide stack frames")'>Click to show all stack frames</a>
<div class='stack-trace' id='stack-trace1006624255'><pre>java.lang.AssertionError: expected [Hello World] but found [Hello]
	at org.testng.Assert.fail(Assert.java:111)
	at org.testng.Assert.failNotEquals(Assert.java:1590)
	at org.testng.Assert.assertEqualsImpl(Assert.java:150)
	at org.testng.Assert.assertEquals(Assert.java:132)
	at org.testng.Assert.assertEquals(Assert.java:656)
	at org.testng.Assert.assertEquals(Assert.java:666)
	at testngDemo.TestScenario9.forth_testcase(TestScenario9.java:31)
	at java.base/jdk.internal.reflect.NativeMethodAccessorImpl.invoke0(Native Method)
	at java.base/jdk.internal.reflect.NativeMethodAccessorImpl.invoke(NativeMethodAccessorImpl.java:77)
	at java.base/jdk.internal.reflect.DelegatingMethodAccessorImpl.invoke(DelegatingMethodAccessorImpl.java:43)
	at java.base/java.lang.reflect.Method.invoke(Method.java:568)
	at org.testng.internal.invokers.MethodInvocationHelper.invokeMethod(MethodInvocationHelper.java:141)
	at org.testng.internal.invokers.TestInvoker.invokeMethod(TestInvoker.java:687)
	at org.testng.internal.invokers.TestInvoker.invokeTestMethod(TestInvoker.java:230)
	at org.testng.internal.invokers.MethodRunner.runInSequence(MethodRunner.java:63)
	at org.testng.internal.invokers.TestInvoker$MethodInvocationAgent.invoke(TestInvoker.java:995)
	at org.testng.internal.invokers.TestInvoker.invokeTestMethods(TestInvoker.java:203)
	at org.testng.internal.invokers.TestMethodWorker.invokeTestMethods(TestMethodWorker.java:154)
	at org.testng.internal.invokers.TestMethodWorker.run(TestMethodWorker.java:134)
	at java.base/java.util.ArrayList.forEach(ArrayList.java:1511)
	at org.testng.TestRunner.privateRun(TestRunner.java:741)
	at org.testng.TestRunner.run(TestRunner.java:616)
	at org.testng.SuiteRunner.runTest(SuiteRunner.java:421)
	at org.testng.SuiteRunner.runSequentially(SuiteRunner.java:413)
	at org.testng.SuiteRunner.privateRun(SuiteRunner.java:373)
	at org.testng.SuiteRunner.run(SuiteRunner.java:312)
	at org.testng.SuiteRunnerWorker.runSuite(SuiteRunnerWorker.java:52)
	at org.testng.SuiteRunnerWorker.run(SuiteRunnerWorker.java:95)
	at org.testng.TestNG.runSuitesSequentially(TestNG.java:1274)
	at org.testng.TestNG.runSuitesLocally(TestNG.java:1208)
	at org.testng.TestNG.runSuites(TestNG.java:1112)
	at org.testng.TestNG.run(TestNG.java:1079)
	at org.testng.remote.AbstractRemoteTestNG.run(AbstractRemoteTestNG.java:115)
	at org.testng.remote.RemoteTestNG.initAndRun(RemoteTestNG.java:293)
	at org.testng.remote.RemoteTestNG.main(RemoteTestNG.java:91)
</pre></div></td>
<td>0</td>
<td>testngDemo.TestScenario9@36b4fe2a</td></tr>
<tr>
<td title='testngDemo.TestScenario4.third_testcase()'><b>third_testcase</b><br>Test class: testngDemo.TestScenario4</td>
<td><div><pre>java.lang.AssertionError: expected [true] but found [false]
	at testngDemo.TestScenario4.third_testcase(TestScenario4.java:25)
	at java.base/java.util.ArrayList.forEach(ArrayList.java:1511)
... Removed 34 stack frames</pre></div><a href='#' onClick='toggleBox("stack-trace1509713998", this, "Click to show all stack frames", "Click to hide stack frames")'>Click to show all stack frames</a>
<div class='stack-trace' id='stack-trace1509713998'><pre>java.lang.AssertionError: expected [true] but found [false]
	at org.testng.Assert.fail(Assert.java:111)
	at org.testng.Assert.failNotEquals(Assert.java:1590)
	at org.testng.Assert.assertEqualsImpl(Assert.java:150)
	at org.testng.Assert.assertEquals(Assert.java:132)
	at org.testng.Assert.assertEquals(Assert.java:1079)
	at org.testng.Assert.assertEquals(Assert.java:1043)
	at org.testng.Assert.assertEquals(Assert.java:1089)
	at testngDemo.TestScenario4.third_testcase(TestScenario4.java:25)
	at java.base/jdk.internal.reflect.NativeMethodAccessorImpl.invoke0(Native Method)
	at java.base/jdk.internal.reflect.NativeMethodAccessorImpl.invoke(NativeMethodAccessorImpl.java:77)
	at java.base/jdk.internal.reflect.DelegatingMethodAccessorImpl.invoke(DelegatingMethodAccessorImpl.java:43)
	at java.base/java.lang.reflect.Method.invoke(Method.java:568)
	at org.testng.internal.invokers.MethodInvocationHelper.invokeMethod(MethodInvocationHelper.java:141)
	at org.testng.internal.invokers.TestInvoker.invokeMethod(TestInvoker.java:687)
	at org.testng.internal.invokers.TestInvoker.invokeTestMethod(TestInvoker.java:230)
	at org.testng.internal.invokers.MethodRunner.runInSequence(MethodRunner.java:63)
	at org.testng.internal.invokers.TestInvoker$MethodInvocationAgent.invoke(TestInvoker.java:995)
	at org.testng.internal.invokers.TestInvoker.invokeTestMethods(TestInvoker.java:203)
	at org.testng.internal.invokers.TestMethodWorker.invokeTestMethods(TestMethodWorker.java:154)
	at org.testng.internal.invokers.TestMethodWorker.run(TestMethodWorker.java:134)
	at java.base/java.util.ArrayList.forEach(ArrayList.java:1511)
	at org.testng.TestRunner.privateRun(TestRunner.java:741)
	at org.testng.TestRunner.run(TestRunner.java:616)
	at org.testng.SuiteRunner.runTest(SuiteRunner.java:421)
	at org.testng.SuiteRunner.runSequentially(SuiteRunner.java:413)
	at org.testng.SuiteRunner.privateRun(SuiteRunner.java:373)
	at org.testng.SuiteRunner.run(SuiteRunner.java:312)
	at org.testng.SuiteRunnerWorker.runSuite(SuiteRunnerWorker.java:52)
	at org.testng.SuiteRunnerWorker.run(SuiteRunnerWorker.java:95)
	at org.testng.TestNG.runSuitesSequentially(TestNG.java:1274)
	at org.testng.TestNG.runSuitesLocally(TestNG.java:1208)
	at org.testng.TestNG.runSuites(TestNG.java:1112)
	at org.testng.TestNG.run(TestNG.java:1079)
	at org.testng.remote.AbstractRemoteTestNG.run(AbstractRemoteTestNG.java:115)
	at org.testng.remote.RemoteTestNG.initAndRun(RemoteTestNG.java:293)
	at org.testng.remote.RemoteTestNG.main(RemoteTestNG.java:91)
</pre></div></td>
<td>0</td>
<td>testngDemo.TestScenario4@343570b7</td></tr>
<tr>
<td title='testngDemo.TestScenario6.first_testcase()'><b>first_testcase</b><br>Test class: testngDemo.TestScenario6</td>
<td><div><pre>java.lang.AssertionError: expected [Hello World] but found [Hello]
	at testngDemo.TestScenario6.first_testcase(TestScenario6.java:13)
	at java.base/java.util.ArrayList.forEach(ArrayList.java:1511)
... Removed 33 stack frames</pre></div><a href='#' onClick='toggleBox("stack-trace217470033", this, "Click to show all stack frames", "Click to hide stack frames")'>Click to show all stack frames</a>
<div class='stack-trace' id='stack-trace217470033'><pre>java.lang.AssertionError: expected [Hello World] but found [Hello]
	at org.testng.Assert.fail(Assert.java:111)
	at org.testng.Assert.failNotEquals(Assert.java:1590)
	at org.testng.Assert.assertEqualsImpl(Assert.java:150)
	at org.testng.Assert.assertEquals(Assert.java:132)
	at org.testng.Assert.assertEquals(Assert.java:656)
	at org.testng.Assert.assertEquals(Assert.java:666)
	at testngDemo.TestScenario6.first_testcase(TestScenario6.java:13)
	at java.base/jdk.internal.reflect.NativeMethodAccessorImpl.invoke0(Native Method)
	at java.base/jdk.internal.reflect.NativeMethodAccessorImpl.invoke(NativeMethodAccessorImpl.java:77)
	at java.base/jdk.internal.reflect.DelegatingMethodAccessorImpl.invoke(DelegatingMethodAccessorImpl.java:43)
	at java.base/java.lang.reflect.Method.invoke(Method.java:568)
	at org.testng.internal.invokers.MethodInvocationHelper.invokeMethod(MethodInvocationHelper.java:141)
	at org.testng.internal.invokers.TestInvoker.invokeMethod(TestInvoker.java:687)
	at org.testng.internal.invokers.TestInvoker.invokeTestMethod(TestInvoker.java:230)
	at org.testng.internal.invokers.MethodRunner.runInSequence(MethodRunner.java:63)
	at org.testng.internal.invokers.TestInvoker$MethodInvocationAgent.invoke(TestInvoker.java:995)
	at org.testng.internal.invokers.TestInvoker.invokeTestMethods(TestInvoker.java:203)
	at org.testng.internal.invokers.TestMethodWorker.invokeTestMethods(TestMethodWorker.java:154)
	at org.testng.internal.invokers.TestMethodWorker.run(TestMethodWorker.java:134)
	at java.base/java.util.ArrayList.forEach(ArrayList.java:1511)
	at org.testng.TestRunner.privateRun(TestRunner.java:741)
	at org.testng.TestRunner.run(TestRunner.java:616)
	at org.testng.SuiteRunner.runTest(SuiteRunner.java:421)
	at org.testng.SuiteRunner.runSequentially(SuiteRunner.java:413)
	at org.testng.SuiteRunner.privateRun(SuiteRunner.java:373)
	at org.testng.SuiteRunner.run(SuiteRunner.java:312)
	at org.testng.SuiteRunnerWorker.runSuite(SuiteRunnerWorker.java:52)
	at org.testng.SuiteRunnerWorker.run(SuiteRunnerWorker.java:95)
	at org.testng.TestNG.runSuitesSequentially(TestNG.java:1274)
	at org.testng.TestNG.runSuitesLocally(TestNG.java:1208)
	at org.testng.TestNG.runSuites(TestNG.java:1112)
	at org.testng.TestNG.run(TestNG.java:1079)
	at org.testng.remote.AbstractRemoteTestNG.run(AbstractRemoteTestNG.java:115)
	at org.testng.remote.RemoteTestNG.initAndRun(RemoteTestNG.java:293)
	at org.testng.remote.RemoteTestNG.main(RemoteTestNG.java:91)
</pre></div></td>
<td>0</td>
<td>testngDemo.TestScenario6@574b560f</td></tr>
<tr>
<td title='testngDemo.TestScenario.second_testcase()'><b>second_testcase</b><br>Test class: testngDemo.TestScenario</td>
<td><div><pre>java.lang.AssertionError: The following asserts failed:
	expected [Hello World] but found [Hello]
	at testngDemo.TestScenario.second_testcase(TestScenario.java:29)
	at java.base/java.util.ArrayList.forEach(ArrayList.java:1511)
... Removed 29 stack frames</pre></div><a href='#' onClick='toggleBox("stack-trace637091966", this, "Click to show all stack frames", "Click to hide stack frames")'>Click to show all stack frames</a>
<div class='stack-trace' id='stack-trace637091966'><pre>java.lang.AssertionError: The following asserts failed:
	expected [Hello World] but found [Hello]
	at org.testng.asserts.SoftAssert.assertAll(SoftAssert.java:46)
	at org.testng.asserts.SoftAssert.assertAll(SoftAssert.java:30)
	at testngDemo.TestScenario.second_testcase(TestScenario.java:29)
	at java.base/jdk.internal.reflect.NativeMethodAccessorImpl.invoke0(Native Method)
	at java.base/jdk.internal.reflect.NativeMethodAccessorImpl.invoke(NativeMethodAccessorImpl.java:77)
	at java.base/jdk.internal.reflect.DelegatingMethodAccessorImpl.invoke(DelegatingMethodAccessorImpl.java:43)
	at java.base/java.lang.reflect.Method.invoke(Method.java:568)
	at org.testng.internal.invokers.MethodInvocationHelper.invokeMethod(MethodInvocationHelper.java:141)
	at org.testng.internal.invokers.TestInvoker.invokeMethod(TestInvoker.java:687)
	at org.testng.internal.invokers.TestInvoker.invokeTestMethod(TestInvoker.java:230)
	at org.testng.internal.invokers.MethodRunner.runInSequence(MethodRunner.java:63)
	at org.testng.internal.invokers.TestInvoker$MethodInvocationAgent.invoke(TestInvoker.java:995)
	at org.testng.internal.invokers.TestInvoker.invokeTestMethods(TestInvoker.java:203)
	at org.testng.internal.invokers.TestMethodWorker.invokeTestMethods(TestMethodWorker.java:154)
	at org.testng.internal.invokers.TestMethodWorker.run(TestMethodWorker.java:134)
	at java.base/java.util.ArrayList.forEach(ArrayList.java:1511)
	at org.testng.TestRunner.privateRun(TestRunner.java:741)
	at org.testng.TestRunner.run(TestRunner.java:616)
	at org.testng.SuiteRunner.runTest(SuiteRunner.java:421)
	at org.testng.SuiteRunner.runSequentially(SuiteRunner.java:413)
	at org.testng.SuiteRunner.privateRun(SuiteRunner.java:373)
	at org.testng.SuiteRunner.run(SuiteRunner.java:312)
	at org.testng.SuiteRunnerWorker.runSuite(SuiteRunnerWorker.java:52)
	at org.testng.SuiteRunnerWorker.run(SuiteRunnerWorker.java:95)
	at org.testng.TestNG.runSuitesSequentially(TestNG.java:1274)
	at org.testng.TestNG.runSuitesLocally(TestNG.java:1208)
	at org.testng.TestNG.runSuites(TestNG.java:1112)
	at org.testng.TestNG.run(TestNG.java:1079)
	at org.testng.remote.AbstractRemoteTestNG.run(AbstractRemoteTestNG.java:115)
	at org.testng.remote.RemoteTestNG.initAndRun(RemoteTestNG.java:293)
	at org.testng.remote.RemoteTestNG.main(RemoteTestNG.java:91)
</pre></div></td>
<td>0</td>
<td>testngDemo.TestScenario@71c3b41</td></tr>
<tr>
<td title='testngDemo.TestScenario6.fifth_testcase()'><b>fifth_testcase</b><br>Test class: testngDemo.TestScenario6</td>
<td><div><pre>java.lang.AssertionError: expected [Hello World] but found [Hello]
	at testngDemo.TestScenario6.fifth_testcase(TestScenario6.java:38)
	at java.base/java.util.ArrayList.forEach(ArrayList.java:1511)
... Removed 33 stack frames</pre></div><a href='#' onClick='toggleBox("stack-trace1457551880", this, "Click to show all stack frames", "Click to hide stack frames")'>Click to show all stack frames</a>
<div class='stack-trace' id='stack-trace1457551880'><pre>java.lang.AssertionError: expected [Hello World] but found [Hello]
	at org.testng.Assert.fail(Assert.java:111)
	at org.testng.Assert.failNotEquals(Assert.java:1590)
	at org.testng.Assert.assertEqualsImpl(Assert.java:150)
	at org.testng.Assert.assertEquals(Assert.java:132)
	at org.testng.Assert.assertEquals(Assert.java:656)
	at org.testng.Assert.assertEquals(Assert.java:666)
	at testngDemo.TestScenario6.fifth_testcase(TestScenario6.java:38)
	at java.base/jdk.internal.reflect.NativeMethodAccessorImpl.invoke0(Native Method)
	at java.base/jdk.internal.reflect.NativeMethodAccessorImpl.invoke(NativeMethodAccessorImpl.java:77)
	at java.base/jdk.internal.reflect.DelegatingMethodAccessorImpl.invoke(DelegatingMethodAccessorImpl.java:43)
	at java.base/java.lang.reflect.Method.invoke(Method.java:568)
	at org.testng.internal.invokers.MethodInvocationHelper.invokeMethod(MethodInvocationHelper.java:141)
	at org.testng.internal.invokers.TestInvoker.invokeMethod(TestInvoker.java:687)
	at org.testng.internal.invokers.TestInvoker.invokeTestMethod(TestInvoker.java:230)
	at org.testng.internal.invokers.MethodRunner.runInSequence(MethodRunner.java:63)
	at org.testng.internal.invokers.TestInvoker$MethodInvocationAgent.invoke(TestInvoker.java:995)
	at org.testng.internal.invokers.TestInvoker.invokeTestMethods(TestInvoker.java:203)
	at org.testng.internal.invokers.TestMethodWorker.invokeTestMethods(TestMethodWorker.java:154)
	at org.testng.internal.invokers.TestMethodWorker.run(TestMethodWorker.java:134)
	at java.base/java.util.ArrayList.forEach(ArrayList.java:1511)
	at org.testng.TestRunner.privateRun(TestRunner.java:741)
	at org.testng.TestRunner.run(TestRunner.java:616)
	at org.testng.SuiteRunner.runTest(SuiteRunner.java:421)
	at org.testng.SuiteRunner.runSequentially(SuiteRunner.java:413)
	at org.testng.SuiteRunner.privateRun(SuiteRunner.java:373)
	at org.testng.SuiteRunner.run(SuiteRunner.java:312)
	at org.testng.SuiteRunnerWorker.runSuite(SuiteRunnerWorker.java:52)
	at org.testng.SuiteRunnerWorker.run(SuiteRunnerWorker.java:95)
	at org.testng.TestNG.runSuitesSequentially(TestNG.java:1274)
	at org.testng.TestNG.runSuitesLocally(TestNG.java:1208)
	at org.testng.TestNG.runSuites(TestNG.java:1112)
	at org.testng.TestNG.run(TestNG.java:1079)
	at org.testng.remote.AbstractRemoteTestNG.run(AbstractRemoteTestNG.java:115)
	at org.testng.remote.RemoteTestNG.initAndRun(RemoteTestNG.java:293)
	at org.testng.remote.RemoteTestNG.main(RemoteTestNG.java:91)
</pre></div></td>
<td>0</td>
<td>testngDemo.TestScenario6@574b560f</td></tr>
<tr>
<td title='testngDemo.TestScenario.first_testcase()'><b>first_testcase</b><br>Test class: testngDemo.TestScenario</td>
<td><div><pre>java.lang.AssertionError: expected [Hello World] but found [Hello]
	at testngDemo.TestScenario.first_testcase(TestScenario.java:15)
	at java.base/java.util.ArrayList.forEach(ArrayList.java:1511)
... Removed 33 stack frames</pre></div><a href='#' onClick='toggleBox("stack-trace1004009692", this, "Click to show all stack frames", "Click to hide stack frames")'>Click to show all stack frames</a>
<div class='stack-trace' id='stack-trace1004009692'><pre>java.lang.AssertionError: expected [Hello World] but found [Hello]
	at org.testng.Assert.fail(Assert.java:111)
	at org.testng.Assert.failNotEquals(Assert.java:1590)
	at org.testng.Assert.assertEqualsImpl(Assert.java:150)
	at org.testng.Assert.assertEquals(Assert.java:132)
	at org.testng.Assert.assertEquals(Assert.java:656)
	at org.testng.Assert.assertEquals(Assert.java:666)
	at testngDemo.TestScenario.first_testcase(TestScenario.java:15)
	at java.base/jdk.internal.reflect.NativeMethodAccessorImpl.invoke0(Native Method)
	at java.base/jdk.internal.reflect.NativeMethodAccessorImpl.invoke(NativeMethodAccessorImpl.java:77)
	at java.base/jdk.internal.reflect.DelegatingMethodAccessorImpl.invoke(DelegatingMethodAccessorImpl.java:43)
	at java.base/java.lang.reflect.Method.invoke(Method.java:568)
	at org.testng.internal.invokers.MethodInvocationHelper.invokeMethod(MethodInvocationHelper.java:141)
	at org.testng.internal.invokers.TestInvoker.invokeMethod(TestInvoker.java:687)
	at org.testng.internal.invokers.TestInvoker.invokeTestMethod(TestInvoker.java:230)
	at org.testng.internal.invokers.MethodRunner.runInSequence(MethodRunner.java:63)
	at org.testng.internal.invokers.TestInvoker$MethodInvocationAgent.invoke(TestInvoker.java:995)
	at org.testng.internal.invokers.TestInvoker.invokeTestMethods(TestInvoker.java:203)
	at org.testng.internal.invokers.TestMethodWorker.invokeTestMethods(TestMethodWorker.java:154)
	at org.testng.internal.invokers.TestMethodWorker.run(TestMethodWorker.java:134)
	at java.base/java.util.ArrayList.forEach(ArrayList.java:1511)
	at org.testng.TestRunner.privateRun(TestRunner.java:741)
	at org.testng.TestRunner.run(TestRunner.java:616)
	at org.testng.SuiteRunner.runTest(SuiteRunner.java:421)
	at org.testng.SuiteRunner.runSequentially(SuiteRunner.java:413)
	at org.testng.SuiteRunner.privateRun(SuiteRunner.java:373)
	at org.testng.SuiteRunner.run(SuiteRunner.java:312)
	at org.testng.SuiteRunnerWorker.runSuite(SuiteRunnerWorker.java:52)
	at org.testng.SuiteRunnerWorker.run(SuiteRunnerWorker.java:95)
	at org.testng.TestNG.runSuitesSequentially(TestNG.java:1274)
	at org.testng.TestNG.runSuitesLocally(TestNG.java:1208)
	at org.testng.TestNG.runSuites(TestNG.java:1112)
	at org.testng.TestNG.run(TestNG.java:1079)
	at org.testng.remote.AbstractRemoteTestNG.run(AbstractRemoteTestNG.java:115)
	at org.testng.remote.RemoteTestNG.initAndRun(RemoteTestNG.java:293)
	at org.testng.remote.RemoteTestNG.main(RemoteTestNG.java:91)
</pre></div></td>
<td>0</td>
<td>testngDemo.TestScenario@71c3b41</td></tr>
<tr>
<td title='testngDemo.TestScenario9.sixth_testcase()'><b>sixth_testcase</b><br>Test class: testngDemo.TestScenario9</td>
<td><div><pre>java.lang.AssertionError: expected [Hello World] but found [Hello]
	at testngDemo.TestScenario9.sixth_testcase(TestScenario9.java:44)
	at java.base/java.util.ArrayList.forEach(ArrayList.java:1511)
... Removed 33 stack frames</pre></div><a href='#' onClick='toggleBox("stack-trace1367068823", this, "Click to show all stack frames", "Click to hide stack frames")'>Click to show all stack frames</a>
<div class='stack-trace' id='stack-trace1367068823'><pre>java.lang.AssertionError: expected [Hello World] but found [Hello]
	at org.testng.Assert.fail(Assert.java:111)
	at org.testng.Assert.failNotEquals(Assert.java:1590)
	at org.testng.Assert.assertEqualsImpl(Assert.java:150)
	at org.testng.Assert.assertEquals(Assert.java:132)
	at org.testng.Assert.assertEquals(Assert.java:656)
	at org.testng.Assert.assertEquals(Assert.java:666)
	at testngDemo.TestScenario9.sixth_testcase(TestScenario9.java:44)
	at java.base/jdk.internal.reflect.NativeMethodAccessorImpl.invoke0(Native Method)
	at java.base/jdk.internal.reflect.NativeMethodAccessorImpl.invoke(NativeMethodAccessorImpl.java:77)
	at java.base/jdk.internal.reflect.DelegatingMethodAccessorImpl.invoke(DelegatingMethodAccessorImpl.java:43)
	at java.base/java.lang.reflect.Method.invoke(Method.java:568)
	at org.testng.internal.invokers.MethodInvocationHelper.invokeMethod(MethodInvocationHelper.java:141)
	at org.testng.internal.invokers.TestInvoker.invokeMethod(TestInvoker.java:687)
	at org.testng.internal.invokers.TestInvoker.invokeTestMethod(TestInvoker.java:230)
	at org.testng.internal.invokers.MethodRunner.runInSequence(MethodRunner.java:63)
	at org.testng.internal.invokers.TestInvoker$MethodInvocationAgent.invoke(TestInvoker.java:995)
	at org.testng.internal.invokers.TestInvoker.invokeTestMethods(TestInvoker.java:203)
	at org.testng.internal.invokers.TestMethodWorker.invokeTestMethods(TestMethodWorker.java:154)
	at org.testng.internal.invokers.TestMethodWorker.run(TestMethodWorker.java:134)
	at java.base/java.util.ArrayList.forEach(ArrayList.java:1511)
	at org.testng.TestRunner.privateRun(TestRunner.java:741)
	at org.testng.TestRunner.run(TestRunner.java:616)
	at org.testng.SuiteRunner.runTest(SuiteRunner.java:421)
	at org.testng.SuiteRunner.runSequentially(SuiteRunner.java:413)
	at org.testng.SuiteRunner.privateRun(SuiteRunner.java:373)
	at org.testng.SuiteRunner.run(SuiteRunner.java:312)
	at org.testng.SuiteRunnerWorker.runSuite(SuiteRunnerWorker.java:52)
	at org.testng.SuiteRunnerWorker.run(SuiteRunnerWorker.java:95)
	at org.testng.TestNG.runSuitesSequentially(TestNG.java:1274)
	at org.testng.TestNG.runSuitesLocally(TestNG.java:1208)
	at org.testng.TestNG.runSuites(TestNG.java:1112)
	at org.testng.TestNG.run(TestNG.java:1079)
	at org.testng.remote.AbstractRemoteTestNG.run(AbstractRemoteTestNG.java:115)
	at org.testng.remote.RemoteTestNG.initAndRun(RemoteTestNG.java:293)
	at org.testng.remote.RemoteTestNG.main(RemoteTestNG.java:91)
</pre></div></td>
<td>0</td>
<td>testngDemo.TestScenario9@36b4fe2a</td></tr>
</table><p>
<table width='100%' border='1' class='invocation-passed'>
<tr><td colspan='4' align='center'><b>PASSED TESTS</b></td></tr>
<tr><td><b>Test method</b></td>
<td><b>Attribute(s)</b></td>
<td width="30%"><b>Exception</b></td>
<td width="10%"><b>Time (seconds)</b></td>
<td><b>Instance</b></td>
</tr>
<tr>
<td title='testngDemo.TestScenario4.second_testcase()'><b>second_testcase</b><br>Test class: testngDemo.TestScenario4</td>
<td></td>
<td>0</td>
<td>testngDemo.TestScenario4@343570b7</td></tr>
<tr>
<td title='testngDemo.TestScenario8.first_testcase()'><b>first_testcase</b><br>Test class: testngDemo.TestScenario8</td>
<td></td>
<td>0</td>
<td>testngDemo.TestScenario8@11c9af63</td></tr>
<tr>
<td title='testngDemo.TestScenario2.first_testcase()'><b>first_testcase</b><br>Test class: testngDemo.TestScenario2</td>
<td></td>
<td>0</td>
<td>testngDemo.TestScenario2@236e3f4e</td></tr>
<tr>
<td title='testngDemo.TestScenario3.fifth_testcase()'><b>fifth_testcase</b><br>Test class: testngDemo.TestScenario3</td>
<td></td>
<td>0</td>
<td>testngDemo.TestScenario3@3cc1435c</td></tr>
<tr>
<td title='testngDemo.TestScenario6.forth_testcase()'><b>forth_testcase</b><br>Test class: testngDemo.TestScenario6</td>
<td></td>
<td>0</td>
<td>testngDemo.TestScenario6@574b560f</td></tr>
<tr>
<td title='testngDemo.TestScenario3.first_testcase()'><b>first_testcase</b><br>Test class: testngDemo.TestScenario3</td>
<td></td>
<td>0</td>
<td>testngDemo.TestScenario3@3cc1435c</td></tr>
<tr>
<td title='testngDemo.TestScenario5.forth_testcase()'><b>forth_testcase</b><br>Test class: testngDemo.TestScenario5</td>
<td></td>
<td>0</td>
<td>testngDemo.TestScenario5@157853da</td></tr>
<tr>
<td title='testngDemo.TestScenario8.sixth_testcase()'><b>sixth_testcase</b><br>Test class: testngDemo.TestScenario8</td>
<td></td>
<td>0</td>
<td>testngDemo.TestScenario8@11c9af63</td></tr>
<tr>
<td title='testngDemo.TestScenario8.third_testcase()'><b>third_testcase</b><br>Test class: testngDemo.TestScenario8</td>
<td></td>
<td>0</td>
<td>testngDemo.TestScenario8@11c9af63</td></tr>
<tr>
<td title='testngDemo.TestScenario7.sixth_testcase()'><b>sixth_testcase</b><br>Test class: testngDemo.TestScenario7</td>
<td></td>
<td>0</td>
<td>testngDemo.TestScenario7@ba54932</td></tr>
<tr>
<td title='testngDemo.TestScenario6.second_testcase()'><b>second_testcase</b><br>Test class: testngDemo.TestScenario6</td>
<td></td>
<td>0</td>
<td>testngDemo.TestScenario6@574b560f</td></tr>
<tr>
<td title='testngDemo.TestScenario8.fifth_testcase()'><b>fifth_testcase</b><br>Test class: testngDemo.TestScenario8</td>
<td></td>
<td>0</td>
<td>testngDemo.TestScenario8@11c9af63</td></tr>
<tr>
<td title='testngDemo.TestScenario2.second_testcase()'><b>second_testcase</b><br>Test class: testngDemo.TestScenario2</td>
<td></td>
<td>0</td>
<td>testngDemo.TestScenario2@236e3f4e</td></tr>
<tr>
<td title='org.xyz.auto.fb.HandleKBMouseWindows.handleFrmaes()'><b>handleFrmaes</b><br>Test class: org.xyz.auto.fb.HandleKBMouseWindows</td>
<td></td>
<td>10</td>
<td>org.xyz.auto.fb.HandleKBMouseWindows@568ff82</td></tr>
<tr>
<td title='testngDemo.TestScenario7.first_testcase()'><b>first_testcase</b><br>Test class: testngDemo.TestScenario7</td>
<td></td>
<td>0</td>
<td>testngDemo.TestScenario7@ba54932</td></tr>
<tr>
<td title='testngDemo.TestScenario8.forth_testcase()'><b>forth_testcase</b><br>Test class: testngDemo.TestScenario8</td>
<td></td>
<td>0</td>
<td>testngDemo.TestScenario8@11c9af63</td></tr>
<tr>
<td title='testngDemo.TestScenario5.first_testcase()'><b>first_testcase</b><br>Test class: testngDemo.TestScenario5</td>
<td></td>
<td>0</td>
<td>testngDemo.TestScenario5@157853da</td></tr>
<tr>
<td title='testngDemo.TestScenario10.first_testcase()'><b>first_testcase</b><br>Test class: testngDemo.TestScenario10</td>
<td></td>
<td>0</td>
<td>testngDemo.TestScenario10@757acd7b</td></tr>
<tr>
<td title='testngDemo.TestScenario2.forth_testcase()'><b>forth_testcase</b><br>Test class: testngDemo.TestScenario2</td>
<td></td>
<td>0</td>
<td>testngDemo.TestScenario2@236e3f4e</td></tr>
<tr>
<td title='testngDemo.TestScenario5.second_testcase()'><b>second_testcase</b><br>Test class: testngDemo.TestScenario5</td>
<td></td>
<td>0</td>
<td>testngDemo.TestScenario5@157853da</td></tr>
<tr>
<td title='testngDemo.TestScenario10.second_testcase()'><b>second_testcase</b><br>Test class: testngDemo.TestScenario10</td>
<td></td>
<td>0</td>
<td>testngDemo.TestScenario10@757acd7b</td></tr>
<tr>
<td title='testngDemo.TestScenario9.fifth_testcase()'><b>fifth_testcase</b><br>Test class: testngDemo.TestScenario9</td>
<td></td>
<td>0</td>
<td>testngDemo.TestScenario9@36b4fe2a</td></tr>
<tr>
<td title='testngDemo.TestScenario6.sixth_testcase()'><b>sixth_testcase</b><br>Test class: testngDemo.TestScenario6</td>
<td></td>
<td>0</td>
<td>testngDemo.TestScenario6@574b560f</td></tr>
<tr>
<td title='testngDemo.TestScenario10.fifth_testcase()'><b>fifth_testcase</b><br>Test class: testngDemo.TestScenario10</td>
<td></td>
<td>0</td>
<td>testngDemo.TestScenario10@757acd7b</td></tr>
<tr>
<td title='testngDemo.TestScenario9.first_testcase()'><b>first_testcase</b><br>Test class: testngDemo.TestScenario9</td>
<td></td>
<td>0</td>
<td>testngDemo.TestScenario9@36b4fe2a</td></tr>
<tr>
<td title='testngDemo.TestScenario.fifth_testcase()'><b>fifth_testcase</b><br>Test class: testngDemo.TestScenario</td>
<td></td>
<td>0</td>
<td>testngDemo.TestScenario@71c3b41</td></tr>
<tr>
<td title='testngDemo.TestScenario5.fifth_testcase()'><b>fifth_testcase</b><br>Test class: testngDemo.TestScenario5</td>
<td></td>
<td>0</td>
<td>testngDemo.TestScenario5@157853da</td></tr>
<tr>
<td title='testngDemo.TestScenario5.sixth_testcase()'><b>sixth_testcase</b><br>Test class: testngDemo.TestScenario5</td>
<td></td>
<td>0</td>
<td>testngDemo.TestScenario5@157853da</td></tr>
<tr>
<td title='testngDemo.TestScenario3.second_testcase()'><b>second_testcase</b><br>Test class: testngDemo.TestScenario3</td>
<td></td>
<td>0</td>
<td>testngDemo.TestScenario3@3cc1435c</td></tr>
<tr>
<td title='testngDemo.TestScenario7.second_testcase()'><b>second_testcase</b><br>Test class: testngDemo.TestScenario7</td>
<td></td>
<td>0</td>
<td>testngDemo.TestScenario7@ba54932</td></tr>
<tr>
<td title='testngDemo.TestScenario6.third_testcase()'><b>third_testcase</b><br>Test class: testngDemo.TestScenario6</td>
<td></td>
<td>0</td>
<td>testngDemo.TestScenario6@574b560f</td></tr>
<tr>
<td title='testngDemo.TestScenario.forth_testcase()'><b>forth_testcase</b><br>Test class: testngDemo.TestScenario</td>
<td></td>
<td>0</td>
<td>testngDemo.TestScenario@71c3b41</td></tr>
<tr>
<td title='testngDemo.TestScenario8.second_testcase()'><b>second_testcase</b><br>Test class: testngDemo.TestScenario8</td>
<td></td>
<td>0</td>
<td>testngDemo.TestScenario8@11c9af63</td></tr>
<tr>
<td title='testngDemo.TestScenario9.third_testcase()'><b>third_testcase</b><br>Test class: testngDemo.TestScenario9</td>
<td></td>
<td>0</td>
<td>testngDemo.TestScenario9@36b4fe2a</td></tr>
<tr>
<td title='testngDemo.TestScenario4.first_testcase()'><b>first_testcase</b><br>Test class: testngDemo.TestScenario4</td>
<td></td>
<td>0</td>
<td>testngDemo.TestScenario4@343570b7</td></tr>
<tr>
<td title='testngDemo.TestScenario10.forth_testcase()'><b>forth_testcase</b><br>Test class: testngDemo.TestScenario10</td>
<td></td>
<td>0</td>
<td>testngDemo.TestScenario10@757acd7b</td></tr>
<tr>
<td title='testngDemo.TestScenario7.fifth_testcase()'><b>fifth_testcase</b><br>Test class: testngDemo.TestScenario7</td>
<td></td>
<td>0</td>
<td>testngDemo.TestScenario7@ba54932</td></tr>
<tr>
<td title='testngDemo.TestScenario5.third_testcase()'><b>third_testcase</b><br>Test class: testngDemo.TestScenario5</td>
<td></td>
<td>0</td>
<td>testngDemo.TestScenario5@157853da</td></tr>
<tr>
<td title='testngDemo.TestScenario10.third_testcase()'><b>third_testcase</b><br>Test class: testngDemo.TestScenario10</td>
<td></td>
<td>0</td>
<td>testngDemo.TestScenario10@757acd7b</td></tr>
<tr>
<td title='testngDemo.TestScenario4.sixth_testcase()'><b>sixth_testcase</b><br>Test class: testngDemo.TestScenario4</td>
<td></td>
<td>0</td>
<td>testngDemo.TestScenario4@343570b7</td></tr>
<tr>
<td title='testngDemo.TestScenario3.third_testcase()'><b>third_testcase</b><br>Test class: testngDemo.TestScenario3</td>
<td></td>
<td>0</td>
<td>testngDemo.TestScenario3@3cc1435c</td></tr>
<tr>
<td title='testngDemo.TestScenario7.forth_testcase()'><b>forth_testcase</b><br>Test class: testngDemo.TestScenario7</td>
<td></td>
<td>0</td>
<td>testngDemo.TestScenario7@ba54932</td></tr>
<tr>
<td title='testngDemo.TestScenario3.forth_testcase()'><b>forth_testcase</b><br>Test class: testngDemo.TestScenario3</td>
<td></td>
<td>0</td>
<td>testngDemo.TestScenario3@3cc1435c</td></tr>
<tr>
<td title='testngDemo.TestScenario2.third_testcase()'><b>third_testcase</b><br>Test class: testngDemo.TestScenario2</td>
<td></td>
<td>0</td>
<td>testngDemo.TestScenario2@236e3f4e</td></tr>
<tr>
<td title='testngDemo.TestScenario3.sixth_testcase()'><b>sixth_testcase</b><br>Test class: testngDemo.TestScenario3</td>
<td></td>
<td>0</td>
<td>testngDemo.TestScenario3@3cc1435c</td></tr>
<tr>
<td title='testngDemo.TestScenario.sixth_testcase()'><b>sixth_testcase</b><br>Test class: testngDemo.TestScenario</td>
<td></td>
<td>0</td>
<td>testngDemo.TestScenario@71c3b41</td></tr>
<tr>
<td title='testngDemo.TestScenario2.fifth_testcase()'><b>fifth_testcase</b><br>Test class: testngDemo.TestScenario2</td>
<td></td>
<td>0</td>
<td>testngDemo.TestScenario2@236e3f4e</td></tr>
<tr>
<td title='testngDemo.TestScenario10.sixth_testcase()'><b>sixth_testcase</b><br>Test class: testngDemo.TestScenario10</td>
<td></td>
<td>0</td>
<td>testngDemo.TestScenario10@757acd7b</td></tr>
<tr>
<td title='testngDemo.TestScenario.third_testcase()'><b>third_testcase</b><br>Test class: testngDemo.TestScenario</td>
<td></td>
<td>0</td>
<td>testngDemo.TestScenario@71c3b41</td></tr>
<tr>
<td title='org.xyz.auto.fb.HandleKBMouseWindows.handleAlerts()'><b>handleAlerts</b><br>Test class: org.xyz.auto.fb.HandleKBMouseWindows</td>
<td></td>
<td>38</td>
<td>org.xyz.auto.fb.HandleKBMouseWindows@568ff82</td></tr>
<tr>
<td title='testngDemo.TestScenario2.sixth_testcase()'><b>sixth_testcase</b><br>Test class: testngDemo.TestScenario2</td>
<td></td>
<td>0</td>
<td>testngDemo.TestScenario2@236e3f4e</td></tr>
<tr>
<td title='testngDemo.TestScenario4.fifth_testcase()'><b>fifth_testcase</b><br>Test class: testngDemo.TestScenario4</td>
<td></td>
<td>0</td>
<td>testngDemo.TestScenario4@343570b7</td></tr>
<tr>
<td title='testngDemo.TestScenario9.second_testcase()'><b>second_testcase</b><br>Test class: testngDemo.TestScenario9</td>
<td></td>
<td>0</td>
<td>testngDemo.TestScenario9@36b4fe2a</td></tr>
<tr>
<td title='testngDemo.TestScenario7.third_testcase()'><b>third_testcase</b><br>Test class: testngDemo.TestScenario7</td>
<td></td>
<td>0</td>
<td>testngDemo.TestScenario7@ba54932</td></tr>
</table><p>
<table width='100%' border='1' class='invocation-skipped'>
<tr><td colspan='4' align='center'><b>SKIPPED TESTS</b></td></tr>
<tr><td><b>Test method</b></td>
<td><b>Attribute(s)</b></td>
<td width="30%"><b>Exception</b></td>
<td width="10%"><b>Time (seconds)</b></td>
<td><b>Instance</b></td>
</tr>
<tr>
<td title='testngDemo.TestScenario4.forth_testcase()'><b>forth_testcase</b><br>Test class: testngDemo.TestScenario4</td>
<td><div><pre>java.lang.Throwable: Method testngDemo.TestScenario4.forth_testcase() on instance testngDemo.TestScenario4@343570b7 depends on not successfully finished methods 
[testngDemo.TestScenario4.third_testcase() on instance testngDemo.TestScenario4@343570b7]
	at java.base/java.util.ArrayList.forEach(ArrayList.java:1511)
... Removed 18 stack frames</pre></div><a href='#' onClick='toggleBox("stack-trace1416665097", this, "Click to show all stack frames", "Click to hide stack frames")'>Click to show all stack frames</a>
<div class='stack-trace' id='stack-trace1416665097'><pre>java.lang.Throwable: Method testngDemo.TestScenario4.forth_testcase() on instance testngDemo.TestScenario4@343570b7 depends on not successfully finished methods 
[testngDemo.TestScenario4.third_testcase() on instance testngDemo.TestScenario4@343570b7]
	at org.testng.internal.invokers.TestInvoker.invokeTestMethods(TestInvoker.java:159)
	at org.testng.internal.invokers.TestMethodWorker.invokeTestMethods(TestMethodWorker.java:154)
	at org.testng.internal.invokers.TestMethodWorker.run(TestMethodWorker.java:134)
	at java.base/java.util.ArrayList.forEach(ArrayList.java:1511)
	at org.testng.TestRunner.privateRun(TestRunner.java:741)
	at org.testng.TestRunner.run(TestRunner.java:616)
	at org.testng.SuiteRunner.runTest(SuiteRunner.java:421)
	at org.testng.SuiteRunner.runSequentially(SuiteRunner.java:413)
	at org.testng.SuiteRunner.privateRun(SuiteRunner.java:373)
	at org.testng.SuiteRunner.run(SuiteRunner.java:312)
	at org.testng.SuiteRunnerWorker.runSuite(SuiteRunnerWorker.java:52)
	at org.testng.SuiteRunnerWorker.run(SuiteRunnerWorker.java:95)
	at org.testng.TestNG.runSuitesSequentially(TestNG.java:1274)
	at org.testng.TestNG.runSuitesLocally(TestNG.java:1208)
	at org.testng.TestNG.runSuites(TestNG.java:1112)
	at org.testng.TestNG.run(TestNG.java:1079)
	at org.testng.remote.AbstractRemoteTestNG.run(AbstractRemoteTestNG.java:115)
	at org.testng.remote.RemoteTestNG.initAndRun(RemoteTestNG.java:293)
	at org.testng.remote.RemoteTestNG.main(RemoteTestNG.java:91)
</pre></div></td>
<td>0</td>
<td>testngDemo.TestScenario4@343570b7</td></tr>
</table><p>
</body>
</html>